<?xml version="1.0" encoding="UTF-8"?>
<!-- Generated by org.testng.reporters.JUnitXMLReporter -->
<testsuite ignored="0" hostname="fdbccbae305607503caddfedbbbeone-0" failures="0" tests="3" name="Surefire test" time="18.705" errors="0" timestamp="2023-09-29T19:13:36 UTC">
  <testcase classname="runner.Testcase1" name="toyspg" time="0.711"/>
  <testcase classname="runner.Testcase3" name="cartpg" time="0.983"/>
  <testcase classname="runner.Testcase2" name="clothpg" time="0.894"/>
</testsuite> <!-- Surefire test -->
