<?xml version="1.0" encoding="UTF-8"?>
<testng-results ignored="0" total="3" passed="3" failed="0" skipped="0">
  <reporter-output>
  </reporter-output>
  <suite started-at="2023-09-29T19:08:53 UTC" name="Surefire suite" finished-at="2023-09-29T19:09:11 UTC" duration-ms="18210">
    <groups>
    </groups>
    <test started-at="2023-09-29T19:08:53 UTC" name="Surefire test" finished-at="2023-09-29T19:09:11 UTC" duration-ms="18210">
      <class name="runner.Testcase1">
        <test-method is-config="true" signature="beforeMethod()[pri:0, instance:runner.Testcase1@60a2630a]" started-at="2023-09-29T19:08:53 UTC" name="beforeMethod" finished-at="2023-09-29T19:08:59 UTC" duration-ms="5946" status="PASS">
          <reporter-output>
          </reporter-output>
        </test-method> <!-- beforeMethod -->
        <test-method signature="toyspg()[pri:1, instance:runner.Testcase1@60a2630a]" started-at="2023-09-29T19:08:59 UTC" name="toyspg" finished-at="2023-09-29T19:09:00 UTC" duration-ms="745" status="PASS">
          <reporter-output>
          </reporter-output>
        </test-method> <!-- toyspg -->
        <test-method is-config="true" signature="afterMethod()[pri:0, instance:runner.Testcase1@60a2630a]" started-at="2023-09-29T19:09:00 UTC" name="afterMethod" finished-at="2023-09-29T19:09:00 UTC" duration-ms="400" status="PASS">
          <reporter-output>
          </reporter-output>
        </test-method> <!-- afterMethod -->
      </class> <!-- runner.Testcase1 -->
      <class name="runner.Testcase2">
        <test-method is-config="true" signature="beforeMethod()[pri:0, instance:runner.Testcase2@5c87bfe2]" started-at="2023-09-29T19:09:06 UTC" name="beforeMethod" finished-at="2023-09-29T19:09:10 UTC" duration-ms="3873" status="PASS">
          <reporter-output>
          </reporter-output>
        </test-method> <!-- beforeMethod -->
        <test-method signature="clothpg()[pri:2, instance:runner.Testcase2@5c87bfe2]" started-at="2023-09-29T19:09:10 UTC" name="clothpg" finished-at="2023-09-29T19:09:11 UTC" duration-ms="880" status="PASS">
          <reporter-output>
          </reporter-output>
        </test-method> <!-- clothpg -->
        <test-method is-config="true" signature="afterMethod()[pri:0, instance:runner.Testcase2@5c87bfe2]" started-at="2023-09-29T19:09:11 UTC" name="afterMethod" finished-at="2023-09-29T19:09:11 UTC" duration-ms="283" status="PASS">
          <reporter-output>
          </reporter-output>
        </test-method> <!-- afterMethod -->
      </class> <!-- runner.Testcase2 -->
      <class name="runner.Testcase3">
        <test-method is-config="true" signature="beforeMethod()[pri:0, instance:runner.Testcase3@f73dcd6]" started-at="2023-09-29T19:09:00 UTC" name="beforeMethod" finished-at="2023-09-29T19:09:05 UTC" duration-ms="4948" status="PASS">
          <reporter-output>
          </reporter-output>
        </test-method> <!-- beforeMethod -->
        <test-method signature="cartpg()[pri:3, instance:runner.Testcase3@f73dcd6]" started-at="2023-09-29T19:09:05 UTC" name="cartpg" finished-at="2023-09-29T19:09:06 UTC" duration-ms="885" status="PASS">
          <reporter-output>
          </reporter-output>
        </test-method> <!-- cartpg -->
        <test-method is-config="true" signature="afterMethod()[pri:0, instance:runner.Testcase3@f73dcd6]" started-at="2023-09-29T19:09:06 UTC" name="afterMethod" finished-at="2023-09-29T19:09:06 UTC" duration-ms="211" status="PASS">
          <reporter-output>
          </reporter-output>
        </test-method> <!-- afterMethod -->
      </class> <!-- runner.Testcase3 -->
    </test> <!-- Surefire test -->
  </suite> <!-- Surefire suite -->
</testng-results>
